<?xml version="1.0" encoding="UTF-8"?>
<testng-results ignored="0" total="12" passed="12" failed="0" skipped="0">
  <reporter-output>
  </reporter-output>
  <suite started-at="2023-04-17T18:11:20 IST" name="Suite" finished-at="2023-04-17T18:11:58 IST" duration-ms="37502">
    <groups>
    </groups>
    <test started-at="2023-04-17T18:11:20 IST" name="crossbrowsing" finished-at="2023-04-17T18:11:58 IST" duration-ms="37502">
      <class name="com.obsqura.testscripts.DeliveryBoyTest">
        <test-method is-config="true" signature="initializeBrowser(java.lang.String)[pri:0, instance:com.obsqura.testscripts.DeliveryBoyTest@4b23c30a]" started-at="2023-04-17T18:11:36 IST" name="initializeBrowser" finished-at="2023-04-17T18:11:38 IST" duration-ms="1516" status="PASS">
          <params>
            <param index="0">
              <value>
                <![CDATA[chrome]]>
              </value>
            </param>
          </params>
          <reporter-output>
          </reporter-output>
        </test-method> <!-- initializeBrowser -->
        <test-method signature="verifyDeliveryBoyNavigation()[pri:0, instance:com.obsqura.testscripts.DeliveryBoyTest@4b23c30a]" started-at="2023-04-17T18:11:38 IST" name="verifyDeliveryBoyNavigation" finished-at="2023-04-17T18:11:39 IST" duration-ms="1349" status="PASS">
          <reporter-output>
          </reporter-output>
        </test-method> <!-- verifyDeliveryBoyNavigation -->
        <test-method is-config="true" signature="browserQuit(org.testng.ITestResult)[pri:0, instance:com.obsqura.testscripts.DeliveryBoyTest@4b23c30a]" started-at="2023-04-17T18:11:39 IST" name="browserQuit" finished-at="2023-04-17T18:11:39 IST" duration-ms="211" status="PASS">
          <params>
            <param index="0">
              <value>
                <![CDATA[[TestResult name=verifyDeliveryBoyNavigation status=SUCCESS method=DeliveryBoyTest.verifyDeliveryBoyNavigation()[pri:0, instance:com.obsqura.testscripts.DeliveryBoyTest@4b23c30a] output={null}]]]>
              </value>
            </param>
          </params>
          <reporter-output>
          </reporter-output>
        </test-method> <!-- browserQuit -->
        <test-method is-config="true" signature="initializeBrowser(java.lang.String)[pri:0, instance:com.obsqura.testscripts.DeliveryBoyTest@4b23c30a]" started-at="2023-04-17T18:11:39 IST" name="initializeBrowser" finished-at="2023-04-17T18:11:41 IST" duration-ms="1517" status="PASS">
          <params>
            <param index="0">
              <value>
                <![CDATA[chrome]]>
              </value>
            </param>
          </params>
          <reporter-output>
          </reporter-output>
        </test-method> <!-- initializeBrowser -->
        <test-method signature="verifyFontWeightofSearchButton()[pri:0, instance:com.obsqura.testscripts.DeliveryBoyTest@4b23c30a]" started-at="2023-04-17T18:11:41 IST" name="verifyFontWeightofSearchButton" finished-at="2023-04-17T18:11:42 IST" duration-ms="1393" status="PASS">
          <reporter-output>
          </reporter-output>
        </test-method> <!-- verifyFontWeightofSearchButton -->
        <test-method is-config="true" signature="browserQuit(org.testng.ITestResult)[pri:0, instance:com.obsqura.testscripts.DeliveryBoyTest@4b23c30a]" started-at="2023-04-17T18:11:42 IST" name="browserQuit" finished-at="2023-04-17T18:11:42 IST" duration-ms="197" status="PASS">
          <params>
            <param index="0">
              <value>
                <![CDATA[[TestResult name=verifyFontWeightofSearchButton status=SUCCESS method=DeliveryBoyTest.verifyFontWeightofSearchButton()[pri:0, instance:com.obsqura.testscripts.DeliveryBoyTest@4b23c30a] output={null}]]]>
              </value>
            </param>
          </params>
          <reporter-output>
          </reporter-output>
        </test-method> <!-- browserQuit -->
      </class> <!-- com.obsqura.testscripts.DeliveryBoyTest -->
      <class name="com.obsqura.testscripts.PushNotificationTest">
        <test-method is-config="true" signature="initializeBrowser(java.lang.String)[pri:0, instance:com.obsqura.testscripts.PushNotificationTest@332796d3]" started-at="2023-04-17T18:11:50 IST" name="initializeBrowser" finished-at="2023-04-17T18:11:51 IST" duration-ms="1515" status="PASS">
          <params>
            <param index="0">
              <value>
                <![CDATA[chrome]]>
              </value>
            </param>
          </params>
          <reporter-output>
          </reporter-output>
        </test-method> <!-- initializeBrowser -->
        <test-method signature="verifyPushNotificationNavigation()[pri:0, instance:com.obsqura.testscripts.PushNotificationTest@332796d3]" started-at="2023-04-17T18:11:51 IST" name="verifyPushNotificationNavigation" finished-at="2023-04-17T18:11:53 IST" duration-ms="1747" status="PASS">
          <reporter-output>
          </reporter-output>
        </test-method> <!-- verifyPushNotificationNavigation -->
        <test-method is-config="true" signature="browserQuit(org.testng.ITestResult)[pri:0, instance:com.obsqura.testscripts.PushNotificationTest@332796d3]" started-at="2023-04-17T18:11:53 IST" name="browserQuit" finished-at="2023-04-17T18:11:53 IST" duration-ms="180" status="PASS">
          <params>
            <param index="0">
              <value>
                <![CDATA[[TestResult name=verifyPushNotificationNavigation status=SUCCESS method=PushNotificationTest.verifyPushNotificationNavigation()[pri:0, instance:com.obsqura.testscripts.PushNotificationTest@332796d3] output={null}]]]>
              </value>
            </param>
          </params>
          <reporter-output>
          </reporter-output>
        </test-method> <!-- browserQuit -->
        <test-method is-config="true" signature="initializeBrowser(java.lang.String)[pri:0, instance:com.obsqura.testscripts.PushNotificationTest@332796d3]" started-at="2023-04-17T18:11:53 IST" name="initializeBrowser" finished-at="2023-04-17T18:11:55 IST" duration-ms="1451" status="PASS">
          <params>
            <param index="0">
              <value>
                <![CDATA[chrome]]>
              </value>
            </param>
          </params>
          <reporter-output>
          </reporter-output>
        </test-method> <!-- initializeBrowser -->
        <test-method signature="enterValueInPushNotification()[pri:0, instance:com.obsqura.testscripts.PushNotificationTest@332796d3]" started-at="2023-04-17T18:11:55 IST" name="enterValueInPushNotification" finished-at="2023-04-17T18:11:58 IST" duration-ms="3018" status="PASS">
          <reporter-output>
          </reporter-output>
        </test-method> <!-- enterValueInPushNotification -->
        <test-method is-config="true" signature="browserQuit(org.testng.ITestResult)[pri:0, instance:com.obsqura.testscripts.PushNotificationTest@332796d3]" started-at="2023-04-17T18:11:58 IST" name="browserQuit" finished-at="2023-04-17T18:11:58 IST" duration-ms="188" status="PASS">
          <params>
            <param index="0">
              <value>
                <![CDATA[[TestResult name=enterValueInPushNotification status=SUCCESS method=PushNotificationTest.enterValueInPushNotification()[pri:0, instance:com.obsqura.testscripts.PushNotificationTest@332796d3] output={null}]]]>
              </value>
            </param>
          </params>
          <reporter-output>
          </reporter-output>
        </test-method> <!-- browserQuit -->
      </class> <!-- com.obsqura.testscripts.PushNotificationTest -->
      <class name="com.obsqura.testscripts.LoginTest">
        <test-method is-config="true" signature="initializeBrowser(java.lang.String)[pri:0, instance:com.obsqura.testscripts.LoginTest@7a55af6b]" started-at="2023-04-17T18:11:20 IST" name="initializeBrowser" finished-at="2023-04-17T18:11:23 IST" duration-ms="2643" status="PASS">
          <params>
            <param index="0">
              <value>
                <![CDATA[chrome]]>
              </value>
            </param>
          </params>
          <reporter-output>
          </reporter-output>
        </test-method> <!-- initializeBrowser -->
        <test-method signature="verifyingUsingValidCredentials(java.lang.String,java.lang.String)[pri:0, instance:com.obsqura.testscripts.LoginTest@7a55af6b]" started-at="2023-04-17T18:11:23 IST" name="verifyingUsingValidCredentials" finished-at="2023-04-17T18:11:24 IST" duration-ms="1495" status="PASS">
          <params>
            <param index="0">
              <value>
                <![CDATA[admin]]>
              </value>
            </param>
            <param index="1">
              <value>
                <![CDATA[admin]]>
              </value>
            </param>
          </params>
          <reporter-output>
          </reporter-output>
        </test-method> <!-- verifyingUsingValidCredentials -->
        <test-method is-config="true" signature="browserQuit(org.testng.ITestResult)[pri:0, instance:com.obsqura.testscripts.LoginTest@7a55af6b]" started-at="2023-04-17T18:11:24 IST" name="browserQuit" finished-at="2023-04-17T18:11:25 IST" duration-ms="208" status="PASS">
          <params>
            <param index="0">
              <value>
                <![CDATA[[TestResult name=verifyingUsingValidCredentials status=SUCCESS method=LoginTest.verifyingUsingValidCredentials(java.lang.String,java.lang.String)[pri:0, instance:com.obsqura.testscripts.LoginTest@7a55af6b] output={null}]]]>
              </value>
            </param>
          </params>
          <reporter-output>
          </reporter-output>
        </test-method> <!-- browserQuit -->
        <test-method is-config="true" signature="initializeBrowser(java.lang.String)[pri:0, instance:com.obsqura.testscripts.LoginTest@7a55af6b]" started-at="2023-04-17T18:11:25 IST" name="initializeBrowser" finished-at="2023-04-17T18:11:26 IST" duration-ms="1454" status="PASS">
          <params>
            <param index="0">
              <value>
                <![CDATA[chrome]]>
              </value>
            </param>
          </params>
          <reporter-output>
          </reporter-output>
        </test-method> <!-- initializeBrowser -->
        <test-method signature="verifyLoginPage(java.lang.String,java.lang.String)[pri:0, instance:com.obsqura.testscripts.LoginTest@7a55af6b]" started-at="2023-04-17T18:11:26 IST" name="verifyLoginPage" data-provider="LoginProvider" finished-at="2023-04-17T18:11:27 IST" duration-ms="584" status="PASS">
          <params>
            <param index="0">
              <value>
                <![CDATA[Renju]]>
              </value>
            </param>
            <param index="1">
              <value>
                <![CDATA[admin]]>
              </value>
            </param>
          </params>
          <reporter-output>
          </reporter-output>
        </test-method> <!-- verifyLoginPage -->
        <test-method is-config="true" signature="browserQuit(org.testng.ITestResult)[pri:0, instance:com.obsqura.testscripts.LoginTest@7a55af6b]" started-at="2023-04-17T18:11:27 IST" name="browserQuit" finished-at="2023-04-17T18:11:27 IST" duration-ms="215" status="PASS">
          <params>
            <param index="0">
              <value>
                <![CDATA[[TestResult name=verifyLoginPage status=SUCCESS method=LoginTest.verifyLoginPage(java.lang.String,java.lang.String)[pri:0, instance:com.obsqura.testscripts.LoginTest@7a55af6b] output={null}]]]>
              </value>
            </param>
          </params>
          <reporter-output>
          </reporter-output>
        </test-method> <!-- browserQuit -->
        <test-method is-config="true" signature="initializeBrowser(java.lang.String)[pri:0, instance:com.obsqura.testscripts.LoginTest@7a55af6b]" started-at="2023-04-17T18:11:27 IST" name="initializeBrowser" finished-at="2023-04-17T18:11:28 IST" duration-ms="1440" status="PASS">
          <params>
            <param index="0">
              <value>
                <![CDATA[chrome]]>
              </value>
            </param>
          </params>
          <reporter-output>
          </reporter-output>
        </test-method> <!-- initializeBrowser -->
        <test-method signature="verifyLoginPage(java.lang.String,java.lang.String)[pri:0, instance:com.obsqura.testscripts.LoginTest@7a55af6b]" started-at="2023-04-17T18:11:28 IST" name="verifyLoginPage" data-provider="LoginProvider" finished-at="2023-04-17T18:11:29 IST" duration-ms="642" status="PASS">
          <params>
            <param index="0">
              <value>
                <![CDATA[Allen]]>
              </value>
            </param>
            <param index="1">
              <value>
                <![CDATA[allen123]]>
              </value>
            </param>
          </params>
          <reporter-output>
          </reporter-output>
        </test-method> <!-- verifyLoginPage -->
        <test-method is-config="true" signature="browserQuit(org.testng.ITestResult)[pri:0, instance:com.obsqura.testscripts.LoginTest@7a55af6b]" started-at="2023-04-17T18:11:29 IST" name="browserQuit" finished-at="2023-04-17T18:11:29 IST" duration-ms="188" status="PASS">
          <params>
            <param index="0">
              <value>
                <![CDATA[[TestResult name=verifyLoginPage status=SUCCESS method=LoginTest.verifyLoginPage(java.lang.String,java.lang.String)[pri:0, instance:com.obsqura.testscripts.LoginTest@7a55af6b] output={null}]]]>
              </value>
            </param>
          </params>
          <reporter-output>
          </reporter-output>
        </test-method> <!-- browserQuit -->
        <test-method is-config="true" signature="initializeBrowser(java.lang.String)[pri:0, instance:com.obsqura.testscripts.LoginTest@7a55af6b]" started-at="2023-04-17T18:11:29 IST" name="initializeBrowser" finished-at="2023-04-17T18:11:31 IST" duration-ms="1462" status="PASS">
          <params>
            <param index="0">
              <value>
                <![CDATA[chrome]]>
              </value>
            </param>
          </params>
          <reporter-output>
          </reporter-output>
        </test-method> <!-- initializeBrowser -->
        <test-method signature="verifyLoginPage(java.lang.String,java.lang.String)[pri:0, instance:com.obsqura.testscripts.LoginTest@7a55af6b]" started-at="2023-04-17T18:11:31 IST" name="verifyLoginPage" data-provider="LoginProvider" finished-at="2023-04-17T18:11:31 IST" duration-ms="554" status="PASS">
          <params>
            <param index="0">
              <value>
                <![CDATA[admin]]>
              </value>
            </param>
            <param index="1">
              <value>
                <![CDATA[12345]]>
              </value>
            </param>
          </params>
          <reporter-output>
          </reporter-output>
        </test-method> <!-- verifyLoginPage -->
        <test-method is-config="true" signature="browserQuit(org.testng.ITestResult)[pri:0, instance:com.obsqura.testscripts.LoginTest@7a55af6b]" started-at="2023-04-17T18:11:31 IST" name="browserQuit" finished-at="2023-04-17T18:11:31 IST" duration-ms="198" status="PASS">
          <params>
            <param index="0">
              <value>
                <![CDATA[[TestResult name=verifyLoginPage status=SUCCESS method=LoginTest.verifyLoginPage(java.lang.String,java.lang.String)[pri:0, instance:com.obsqura.testscripts.LoginTest@7a55af6b] output={null}]]]>
              </value>
            </param>
          </params>
          <reporter-output>
          </reporter-output>
        </test-method> <!-- browserQuit -->
        <test-method is-config="true" signature="initializeBrowser(java.lang.String)[pri:0, instance:com.obsqura.testscripts.LoginTest@7a55af6b]" started-at="2023-04-17T18:11:31 IST" name="initializeBrowser" finished-at="2023-04-17T18:11:33 IST" duration-ms="1478" status="PASS">
          <params>
            <param index="0">
              <value>
                <![CDATA[chrome]]>
              </value>
            </param>
          </params>
          <reporter-output>
          </reporter-output>
        </test-method> <!-- initializeBrowser -->
        <test-method signature="verifyingUsingInvalidCredentials()[pri:0, instance:com.obsqura.testscripts.LoginTest@7a55af6b]" started-at="2023-04-17T18:11:33 IST" name="verifyingUsingInvalidCredentials" finished-at="2023-04-17T18:11:34 IST" duration-ms="661" status="PASS">
          <reporter-output>
          </reporter-output>
        </test-method> <!-- verifyingUsingInvalidCredentials -->
        <test-method is-config="true" signature="browserQuit(org.testng.ITestResult)[pri:0, instance:com.obsqura.testscripts.LoginTest@7a55af6b]" started-at="2023-04-17T18:11:34 IST" name="browserQuit" finished-at="2023-04-17T18:11:34 IST" duration-ms="182" status="PASS">
          <params>
            <param index="0">
              <value>
                <![CDATA[[TestResult name=verifyingUsingInvalidCredentials status=SUCCESS method=LoginTest.verifyingUsingInvalidCredentials()[pri:0, instance:com.obsqura.testscripts.LoginTest@7a55af6b] output={null}]]]>
              </value>
            </param>
          </params>
          <reporter-output>
          </reporter-output>
        </test-method> <!-- browserQuit -->
        <test-method is-config="true" signature="initializeBrowser(java.lang.String)[pri:0, instance:com.obsqura.testscripts.LoginTest@7a55af6b]" started-at="2023-04-17T18:11:34 IST" name="initializeBrowser" finished-at="2023-04-17T18:11:35 IST" duration-ms="1499" status="PASS">
          <params>
            <param index="0">
              <value>
                <![CDATA[chrome]]>
              </value>
            </param>
          </params>
          <reporter-output>
          </reporter-output>
        </test-method> <!-- initializeBrowser -->
        <test-method signature="verifyingUsingValidUserNameAndInvalidPassword()[pri:0, instance:com.obsqura.testscripts.LoginTest@7a55af6b]" started-at="2023-04-17T18:11:35 IST" name="verifyingUsingValidUserNameAndInvalidPassword" finished-at="2023-04-17T18:11:36 IST" duration-ms="653" status="PASS">
          <reporter-output>
          </reporter-output>
        </test-method> <!-- verifyingUsingValidUserNameAndInvalidPassword -->
        <test-method is-config="true" signature="browserQuit(org.testng.ITestResult)[pri:0, instance:com.obsqura.testscripts.LoginTest@7a55af6b]" started-at="2023-04-17T18:11:36 IST" name="browserQuit" finished-at="2023-04-17T18:11:36 IST" duration-ms="211" status="PASS">
          <params>
            <param index="0">
              <value>
                <![CDATA[[TestResult name=verifyingUsingValidUserNameAndInvalidPassword status=SUCCESS method=LoginTest.verifyingUsingValidUserNameAndInvalidPassword()[pri:0, instance:com.obsqura.testscripts.LoginTest@7a55af6b] output={null}]]]>
              </value>
            </param>
          </params>
          <reporter-output>
          </reporter-output>
        </test-method> <!-- browserQuit -->
      </class> <!-- com.obsqura.testscripts.LoginTest -->
      <class name="com.obsqura.testscripts.ManageUserTest">
        <test-method is-config="true" signature="initializeBrowser(java.lang.String)[pri:0, instance:com.obsqura.testscripts.ManageUserTest@66c92293]" started-at="2023-04-17T18:11:42 IST" name="initializeBrowser" finished-at="2023-04-17T18:11:44 IST" duration-ms="1424" status="PASS">
          <params>
            <param index="0">
              <value>
                <![CDATA[chrome]]>
              </value>
            </param>
          </params>
          <reporter-output>
          </reporter-output>
        </test-method> <!-- initializeBrowser -->
        <test-method signature="verifyManageUserNavigation()[pri:0, instance:com.obsqura.testscripts.ManageUserTest@66c92293]" started-at="2023-04-17T18:11:44 IST" name="verifyManageUserNavigation" finished-at="2023-04-17T18:11:46 IST" duration-ms="2127" status="PASS">
          <reporter-output>
          </reporter-output>
        </test-method> <!-- verifyManageUserNavigation -->
        <test-method is-config="true" signature="browserQuit(org.testng.ITestResult)[pri:0, instance:com.obsqura.testscripts.ManageUserTest@66c92293]" started-at="2023-04-17T18:11:46 IST" name="browserQuit" finished-at="2023-04-17T18:11:46 IST" duration-ms="234" status="PASS">
          <params>
            <param index="0">
              <value>
                <![CDATA[[TestResult name=verifyManageUserNavigation status=SUCCESS method=ManageUserTest.verifyManageUserNavigation()[pri:0, instance:com.obsqura.testscripts.ManageUserTest@66c92293] output={null}]]]>
              </value>
            </param>
          </params>
          <reporter-output>
          </reporter-output>
        </test-method> <!-- browserQuit -->
        <test-method is-config="true" signature="initializeBrowser(java.lang.String)[pri:0, instance:com.obsqura.testscripts.ManageUserTest@66c92293]" started-at="2023-04-17T18:11:46 IST" name="initializeBrowser" finished-at="2023-04-17T18:11:48 IST" duration-ms="1525" status="PASS">
          <params>
            <param index="0">
              <value>
                <![CDATA[chrome]]>
              </value>
            </param>
          </params>
          <reporter-output>
          </reporter-output>
        </test-method> <!-- initializeBrowser -->
        <test-method signature="verifyColorofSearchButton()[pri:0, instance:com.obsqura.testscripts.ManageUserTest@66c92293]" started-at="2023-04-17T18:11:48 IST" name="verifyColorofSearchButton" finished-at="2023-04-17T18:11:49 IST" duration-ms="1849" status="PASS">
          <reporter-output>
          </reporter-output>
        </test-method> <!-- verifyColorofSearchButton -->
        <test-method is-config="true" signature="browserQuit(org.testng.ITestResult)[pri:0, instance:com.obsqura.testscripts.ManageUserTest@66c92293]" started-at="2023-04-17T18:11:49 IST" name="browserQuit" finished-at="2023-04-17T18:11:50 IST" duration-ms="228" status="PASS">
          <params>
            <param index="0">
              <value>
                <![CDATA[[TestResult name=verifyColorofSearchButton status=SUCCESS method=ManageUserTest.verifyColorofSearchButton()[pri:0, instance:com.obsqura.testscripts.ManageUserTest@66c92293] output={null}]]]>
              </value>
            </param>
          </params>
          <reporter-output>
          </reporter-output>
        </test-method> <!-- browserQuit -->
      </class> <!-- com.obsqura.testscripts.ManageUserTest -->
    </test> <!-- crossbrowsing -->
  </suite> <!-- Suite -->
</testng-results>
