<?xml version="1.0" encoding="UTF-8"?>
<!-- Generated by org.testng.reporters.JUnitXMLReporter -->
<testsuite ignored="0" hostname="LAPTOP-QPCG3B49" failures="0" tests="4" name="ChromeBrowsing" time="13.794" errors="0" timestamp="2023-04-12T07:54:28 IST">
  <testcase classname="com.obsqura.SuperMarket.LoginTest" name="verifyLoginPage" time="0.926"/>
  <testcase classname="com.obsqura.SuperMarket.LoginTest" name="verifyLoginPage" time="0.71"/>
  <testcase classname="com.obsqura.SuperMarket.LoginTest" name="verifyLoginPage" time="0.724"/>
  <testcase classname="com.obsqura.SuperMarket.LoginTest" name="verifyLoginPage" time="1.017"/>
</testsuite> <!-- ChromeBrowsing -->
