<?xml version="1.0" encoding="UTF-8"?>
<!-- Generated by org.testng.reporters.JUnitXMLReporter -->
<testsuite ignored="3" hostname="LAPTOP-QPCG3B49" failures="0" tests="3" name="ChromeTest" time="11.794" errors="0" timestamp="2023-04-17T20:01:43 IST">
  <testcase classname="com.obsqura.testscripts.LoginTest" name="verifyLoginPage" time="1.483"/>
  <testcase classname="com.obsqura.testscripts.LoginTest" name="verifyLoginPage" time="0.637"/>
  <testcase classname="com.obsqura.testscripts.LoginTest" name="verifyLoginPage" time="0.682"/>
  <testcase classname="com.obsqura.testscripts.LoginTest" name="verifyingUsingValidCredentials" time="0.0">
    <ignored/>
  </testcase> <!-- verifyingUsingValidCredentials -->
  <testcase classname="com.obsqura.testscripts.LoginTest" name="verifyingUsingInvalidCredentials" time="0.0">
    <ignored/>
  </testcase> <!-- verifyingUsingInvalidCredentials -->
  <testcase classname="com.obsqura.testscripts.LoginTest" name="verifyingUsingValidUserNameAndInvalidPassword" time="0.0">
    <ignored/>
  </testcase> <!-- verifyingUsingValidUserNameAndInvalidPassword -->
</testsuite> <!-- ChromeTest -->
