<?xml version="1.0" encoding="UTF-8"?>
<!-- Generated by org.testng.reporters.JUnitXMLReporter -->
<testsuite ignored="0" hostname="LAPTOP-QPCG3B49" failures="0" tests="4" name="ChromeTest" time="11.281" errors="0" timestamp="2023-04-12T07:38:09 IST">
  <testcase classname="com.obsqura.SuperMarket.LoginTest" name="verifyLoginPage" time="0.836"/>
  <testcase classname="com.obsqura.SuperMarket.LoginTest" name="verifyLoginPage" time="0.535"/>
  <testcase classname="com.obsqura.SuperMarket.LoginTest" name="verifyLoginPage" time="0.598"/>
  <testcase classname="com.obsqura.SuperMarket.LoginTest" name="verifyLoginPage" time="0.835"/>
</testsuite> <!-- ChromeTest -->
