<?xml version="1.0" encoding="UTF-8"?>
<!-- Generated by org.testng.reporters.JUnitXMLReporter -->
<testsuite ignored="0" hostname="LAPTOP-QPCG3B49" failures="0" tests="12" name="crossbrowsing" time="37.502" errors="0" timestamp="2023-04-17T18:11:58 IST">
  <testcase classname="com.obsqura.testscripts.LoginTest" name="verifyingUsingValidCredentials" time="1.495"/>
  <testcase classname="com.obsqura.testscripts.LoginTest" name="verifyLoginPage" time="0.584"/>
  <testcase classname="com.obsqura.testscripts.LoginTest" name="verifyLoginPage" time="0.642"/>
  <testcase classname="com.obsqura.testscripts.LoginTest" name="verifyLoginPage" time="0.554"/>
  <testcase classname="com.obsqura.testscripts.LoginTest" name="verifyingUsingInvalidCredentials" time="0.661"/>
  <testcase classname="com.obsqura.testscripts.LoginTest" name="verifyingUsingValidUserNameAndInvalidPassword" time="0.653"/>
  <testcase classname="com.obsqura.testscripts.DeliveryBoyTest" name="verifyDeliveryBoyNavigation" time="1.349"/>
  <testcase classname="com.obsqura.testscripts.DeliveryBoyTest" name="verifyFontWeightofSearchButton" time="1.393"/>
  <testcase classname="com.obsqura.testscripts.ManageUserTest" name="verifyManageUserNavigation" time="2.127"/>
  <testcase classname="com.obsqura.testscripts.ManageUserTest" name="verifyColorofSearchButton" time="1.849"/>
  <testcase classname="com.obsqura.testscripts.PushNotificationTest" name="verifyPushNotificationNavigation" time="1.747"/>
  <testcase classname="com.obsqura.testscripts.PushNotificationTest" name="enterValueInPushNotification" time="3.018"/>
</testsuite> <!-- crossbrowsing -->
