<?xml version="1.0" encoding="UTF-8"?>
<!-- Generated by org.testng.reporters.JUnitXMLReporter -->
<testsuite ignored="1" hostname="LAPTOP-QPCG3B49" failures="0" tests="13" name="crossbrowsing" time="71.841" errors="0" timestamp="2023-04-20T07:43:36 IST">
  <testcase classname="com.obsqura.testscripts.LoginTest" name="verifyingUsingValidCredentials" time="1.8"/>
  <testcase classname="com.obsqura.testscripts.LoginTest" name="verifyLoginPage" time="0.64"/>
  <testcase classname="com.obsqura.testscripts.LoginTest" name="verifyLoginPage" time="0.647"/>
  <testcase classname="com.obsqura.testscripts.LoginTest" name="verifyLoginPage" time="0.743"/>
  <testcase classname="com.obsqura.testscripts.LoginTest" name="verifyingUsingInvalidCredentials" time="0.844"/>
  <testcase classname="com.obsqura.testscripts.LoginTest" name="verifyingUsingValidUserNameAndInvalidPassword" time="0.878"/>
  <testcase classname="com.obsqura.testscripts.DeliveryBoyTest" name="verifyDeliveryBoyNavigation" time="1.981"/>
  <testcase classname="com.obsqura.testscripts.DeliveryBoyTest" name="verifyFontWeightofSearchButton" time="1.811"/>
  <testcase classname="com.obsqura.testscripts.ManageUserTest" name="verifyManageUserNavigation" time="2.508"/>
  <testcase classname="com.obsqura.testscripts.ManageUserTest" name="verifyColorofSearchButton" time="1.938"/>
  <testcase classname="com.obsqura.testscripts.PushNotificationTest" name="verifyPushNotificationNavigation" time="2.147"/>
  <testcase classname="com.obsqura.testscripts.PushNotificationTest" name="enterValueInPushNotification" time="4.29"/>
  <testcase classname="com.obsqura.testscripts.ManageLocationTest" name="verifyLocationAddingFunctionality" time="5.239"/>
  <testcase classname="com.obsqura.testscripts.DeliveryBoyTest" name="verifyDeliveryBoySaveFunctionality" time="0.0">
    <ignored/>
  </testcase> <!-- verifyDeliveryBoySaveFunctionality -->
</testsuite> <!-- crossbrowsing -->
