<?xml version="1.0" encoding="UTF-8"?>
<!-- Generated by org.testng.reporters.JUnitXMLReporter -->
<testsuite ignored="0" hostname="LAPTOP-QPCG3B49" failures="0" tests="3" name="EdgeBrowsing" time="15.429" errors="0" timestamp="2023-04-27T12:42:47 IST">
  <testcase classname="com.obsqura.testscripts.PushNotificationTest" name="verifyEnterValueInPushNotification" time="4.091"/>
  <testcase classname="com.obsqura.testscripts.PushNotificationTest" name="verifyIfDescriptionisAlignedBelowTitle" time="1.997"/>
  <testcase classname="com.obsqura.testscripts.PushNotificationTest" name="verifyPushNotificationNavigation" time="1.549"/>
</testsuite> <!-- EdgeBrowsing -->
