<?xml version="1.0" encoding="UTF-8"?>
<!-- Generated by org.testng.reporters.JUnitXMLReporter -->
<testsuite ignored="0" hostname="LAPTOP-QPCG3B49" failures="0" tests="4" name="EdgeBrowsing" time="13.686" errors="0" timestamp="2023-04-12T07:54:28 IST">
  <testcase classname="com.obsqura.SuperMarket.LoginTest" name="verifyLoginPage" time="0.759"/>
  <testcase classname="com.obsqura.SuperMarket.LoginTest" name="verifyLoginPage" time="0.695"/>
  <testcase classname="com.obsqura.SuperMarket.LoginTest" name="verifyLoginPage" time="0.65"/>
  <testcase classname="com.obsqura.SuperMarket.LoginTest" name="verifyLoginPage" time="1.004"/>
</testsuite> <!-- EdgeBrowsing -->
