<?xml version="1.0" encoding="UTF-8"?>
<!-- Generated by org.testng.reporters.JUnitXMLReporter -->
<testsuite ignored="0" hostname="LAPTOP-QPCG3B49" failures="0" tests="4" name="EdgeTest" time="10.3" errors="0" timestamp="2023-04-12T07:38:19 IST">
  <testcase classname="com.obsqura.SuperMarket.LoginTest" name="verifyLoginPage" time="0.573"/>
  <testcase classname="com.obsqura.SuperMarket.LoginTest" name="verifyLoginPage" time="0.563"/>
  <testcase classname="com.obsqura.SuperMarket.LoginTest" name="verifyLoginPage" time="0.522"/>
  <testcase classname="com.obsqura.SuperMarket.LoginTest" name="verifyLoginPage" time="0.862"/>
</testsuite> <!-- EdgeTest -->
