<?xml version="1.0" encoding="UTF-8"?>
<!-- Generated by org.testng.reporters.JUnitXMLReporter -->
<testsuite ignored="1" hostname="LAPTOP-QPCG3B49" failures="0" tests="2" name="Test" time="11.705" errors="0" timestamp="2023-04-24T21:13:04 IST">
  <testcase classname="com.obsqura.testscripts.PushNotificationTest" name="verifyIfDescriptionisAlignedBelowTitle" time="2.423"/>
  <testcase classname="com.obsqura.testscripts.PushNotificationTest" name="verifyPushNotificationNavigation" time="1.898"/>
  <testcase classname="com.obsqura.testscripts.PushNotificationTest" name="verifyEnterValueInPushNotification" time="0.0">
    <ignored/>
  </testcase> <!-- verifyEnterValueInPushNotification -->
</testsuite> <!-- Test -->
