<?xml version="1.0" encoding="UTF-8"?>
<!-- Generated by org.testng.reporters.JUnitXMLReporter -->
<testsuite ignored="2" hostname="LAPTOP-QPCG3B49" failures="0" tests="1" name="testng" time="11.386" errors="0" timestamp="2023-05-04T10:13:57 IST">
  <testcase classname="com.obsqura.testscripts.AdminUsersTest" name="verifyEditFunctionalityOfAdminUsers" time="6.439"/>
  <testcase classname="com.obsqura.testscripts.AdminUsersTest" name="verifyDeleteButtonFunctionalityInAdminUsers" time="0.0">
    <ignored/>
  </testcase> <!-- verifyDeleteButtonFunctionalityInAdminUsers -->
  <testcase classname="com.obsqura.testscripts.AdminUsersTest" name="verifySaveFunctionalityOfAdminUsers" time="0.0">
    <ignored/>
  </testcase> <!-- verifySaveFunctionalityOfAdminUsers -->
</testsuite> <!-- testng -->
