<?xml version="1.0" encoding="UTF-8"?>
<!-- Generated by org.testng.reporters.JUnitXMLReporter -->
<testsuite ignored="1" hostname="LAPTOP-QPCG3B49" failures="0" tests="2" name="Test" time="10.287" errors="0" timestamp="2023-05-03T14:20:10 IST">
  <testcase classname="com.obsqura.testscripts.PushNotificationTest" name="verifyIfDescriptionisAlignedBelowTitle" time="2.984"/>
  <testcase classname="com.obsqura.testscripts.PushNotificationTest" name="verifyPushNotificationNavigation" time="2.187"/>
  <testcase classname="com.obsqura.testscripts.PushNotificationTest" name="verifyEnterValueInPushNotification" time="0.0">
    <ignored/>
  </testcase> <!-- verifyEnterValueInPushNotification -->
</testsuite> <!-- Test -->
