<?xml version="1.0" encoding="UTF-8"?>
<!-- Generated by org.testng.reporters.JUnitXMLReporter -->
<testsuite ignored="2" hostname="LAPTOP-QPCG3B49" failures="1" tests="1" name="testng" time="17.501" errors="0" timestamp="2023-04-23T23:35:30 IST">
  <testcase classname="com.obsqura.testscripts.ManageProductTest" name="verifySearchFunctionalityOfManageProduct" time="13.173">
    <failure type="java.lang.AssertionError" message="Searched Content is not found expected [true] but found [false]">
      <![CDATA[java.lang.AssertionError: Searched Content is not found expected [true] but found [false]
at com.obsqura.testscripts.ManageProductTest.verifySearchFunctionalityOfManageProduct(ManageProductTest.java:30)
at java.base/java.util.ArrayList.forEach(ArrayList.java:1511)
... Removed 30 stack frames]]>
    </failure>
  </testcase> <!-- verifySearchFunctionalityOfManageProduct -->
  <testcase classname="com.obsqura.testscripts.ManageProductTest" name="verifyIfDeleteButtonisAlignedAfterEditButton" time="0.0">
    <ignored/>
  </testcase> <!-- verifyIfDeleteButtonisAlignedAfterEditButton -->
  <testcase classname="com.obsqura.testscripts.ManageProductTest" name="verifyDeleteFuncionalityOfManageProduct" time="0.0">
    <ignored/>
  </testcase> <!-- verifyDeleteFuncionalityOfManageProduct -->
</testsuite> <!-- testng -->
